2013/05/06 11:13:30 [error] [exception.CDbException] exception 'CDbException' with message 'The table "JohariModel" for active record class "JohariModel" cannot be found in the database.' in C:\wamp\www\github\johari\framework\db\ar\CActiveRecord.php:2310
Stack trace:
#0 C:\wamp\www\github\johari\framework\db\ar\CActiveRecord.php(387): CActiveRecordMetaData->__construct(Object(JohariModel))
#1 C:\wamp\www\github\johari\framework\db\ar\CActiveRecord.php(402): CActiveRecord::model('JohariModel')
#2 C:\wamp\www\github\johari\framework\db\ar\CActiveRecord.php(77): CActiveRecord->getMetaData()
#3 C:\wamp\www\github\johari\protected\controllers\SiteController.php(32): CActiveRecord->__construct()
#4 C:\wamp\www\github\johari\framework\web\actions\CInlineAction.php(49): SiteController->actionIndex()
#5 C:\wamp\www\github\johari\framework\web\CController.php(308): CInlineAction->runWithParams(Array)
#6 C:\wamp\www\github\johari\framework\web\CController.php(286): CController->runAction(Object(CInlineAction))
#7 C:\wamp\www\github\johari\framework\web\CController.php(265): CController->runActionWithFilters(Object(CInlineAction), Array)
#8 C:\wamp\www\github\johari\framework\web\CWebApplication.php(282): CController->run('')
#9 C:\wamp\www\github\johari\framework\web\CWebApplication.php(141): CWebApplication->runController('')
#10 C:\wamp\www\github\johari\framework\base\CApplication.php(169): CWebApplication->processRequest()
#11 C:\wamp\www\github\johari\index.php(13): CApplication->run()
#12 {main}
REQUEST_URI=/github/johari/
---
2013/05/06 11:13:32 [error] [exception.CDbException] exception 'CDbException' with message 'The table "JohariModel" for active record class "JohariModel" cannot be found in the database.' in C:\wamp\www\github\johari\framework\db\ar\CActiveRecord.php:2310
Stack trace:
#0 C:\wamp\www\github\johari\framework\db\ar\CActiveRecord.php(387): CActiveRecordMetaData->__construct(Object(JohariModel))
#1 C:\wamp\www\github\johari\framework\db\ar\CActiveRecord.php(402): CActiveRecord::model('JohariModel')
#2 C:\wamp\www\github\johari\framework\db\ar\CActiveRecord.php(77): CActiveRecord->getMetaData()
#3 C:\wamp\www\github\johari\protected\controllers\SiteController.php(32): CActiveRecord->__construct()
#4 C:\wamp\www\github\johari\framework\web\actions\CInlineAction.php(49): SiteController->actionIndex()
#5 C:\wamp\www\github\johari\framework\web\CController.php(308): CInlineAction->runWithParams(Array)
#6 C:\wamp\www\github\johari\framework\web\CController.php(286): CController->runAction(Object(CInlineAction))
#7 C:\wamp\www\github\johari\framework\web\CController.php(265): CController->runActionWithFilters(Object(CInlineAction), Array)
#8 C:\wamp\www\github\johari\framework\web\CWebApplication.php(282): CController->run('')
#9 C:\wamp\www\github\johari\framework\web\CWebApplication.php(141): CWebApplication->runController('')
#10 C:\wamp\www\github\johari\framework\base\CApplication.php(169): CWebApplication->processRequest()
#11 C:\wamp\www\github\johari\index.php(13): CApplication->run()
#12 {main}
REQUEST_URI=/github/johari/
---
2013/05/06 13:15:28 [error] [exception.CException] exception 'CException' with message 'CDbCommand and its behaviors do not have a method or closure named "queryRows".' in C:\wamp\www\github\johari\framework\base\CComponent.php:265
Stack trace:
#0 C:\wamp\www\github\johari\protected\models\JohariModel.php(4): CComponent->__call('queryRows', Array)
#1 C:\wamp\www\github\johari\protected\models\JohariModel.php(4): CDbCommand->queryRows()
#2 C:\wamp\www\github\johari\protected\controllers\SiteController.php(33): JohariModel->getFeatures()
#3 C:\wamp\www\github\johari\framework\web\actions\CInlineAction.php(49): SiteController->actionIndex()
#4 C:\wamp\www\github\johari\framework\web\CController.php(308): CInlineAction->runWithParams(Array)
#5 C:\wamp\www\github\johari\framework\web\CController.php(286): CController->runAction(Object(CInlineAction))
#6 C:\wamp\www\github\johari\framework\web\CController.php(265): CController->runActionWithFilters(Object(CInlineAction), Array)
#7 C:\wamp\www\github\johari\framework\web\CWebApplication.php(282): CController->run('index')
#8 C:\wamp\www\github\johari\framework\web\CWebApplication.php(141): CWebApplication->runController('site/index')
#9 C:\wamp\www\github\johari\framework\base\CApplication.php(169): CWebApplication->processRequest()
#10 C:\wamp\www\github\johari\index.php(13): CApplication->run()
#11 {main}
REQUEST_URI=/github/johari/index.php?r=site/index
HTTP_REFERER=http://localhost/github/johari/index.php?r=site/page&view=about
---
2013/05/06 13:15:45 [error] [system.db.CDbCommand] Error in preparing SQL: SELECT *
FROM 'features'
in C:\wamp\www\github\johari\protected\models\JohariModel.php (4)
in C:\wamp\www\github\johari\protected\controllers\SiteController.php (33)
in C:\wamp\www\github\johari\index.php (13)
2013/05/06 13:15:45 [error] [system.db.CDbCommand] CDbCommand::fetch() failed: CDbCommand failed to prepare the SQL statement: SQLSTATE[HY000]: General error: 1 no such table: features. The SQL statement executed was: SELECT *
FROM 'features'.
in C:\wamp\www\github\johari\protected\models\JohariModel.php (4)
in C:\wamp\www\github\johari\protected\controllers\SiteController.php (33)
in C:\wamp\www\github\johari\index.php (13)
2013/05/06 13:15:45 [error] [exception.CDbException] exception 'CDbException' with message 'CDbCommand failed to execute the SQL statement: CDbCommand failed to prepare the SQL statement: SQLSTATE[HY000]: General error: 1 no such table: features. The SQL statement executed was: SELECT *
FROM 'features'' in C:\wamp\www\github\johari\framework\db\CDbCommand.php:541
Stack trace:
#0 C:\wamp\www\github\johari\framework\db\CDbCommand.php(414): CDbCommand->queryInternal('fetch', Array, Array)
#1 C:\wamp\www\github\johari\protected\models\JohariModel.php(4): CDbCommand->queryRow()
#2 C:\wamp\www\github\johari\protected\controllers\SiteController.php(33): JohariModel->getFeatures()
#3 C:\wamp\www\github\johari\framework\web\actions\CInlineAction.php(49): SiteController->actionIndex()
#4 C:\wamp\www\github\johari\framework\web\CController.php(308): CInlineAction->runWithParams(Array)
#5 C:\wamp\www\github\johari\framework\web\CController.php(286): CController->runAction(Object(CInlineAction))
#6 C:\wamp\www\github\johari\framework\web\CController.php(265): CController->runActionWithFilters(Object(CInlineAction), Array)
#7 C:\wamp\www\github\johari\framework\web\CWebApplication.php(282): CController->run('index')
#8 C:\wamp\www\github\johari\framework\web\CWebApplication.php(141): CWebApplication->runController('site/index')
#9 C:\wamp\www\github\johari\framework\base\CApplication.php(169): CWebApplication->processRequest()
#10 C:\wamp\www\github\johari\index.php(13): CApplication->run()
#11 {main}
REQUEST_URI=/github/johari/index.php?r=site/index
HTTP_REFERER=http://localhost/github/johari/index.php?r=site/page&view=about
---
2013/05/06 13:30:31 [error] [exception.CException] exception 'CException' with message 'Property "SiteController.data" is not defined.' in C:\wamp\www\github\johari\framework\base\CComponent.php:130
Stack trace:
#0 C:\wamp\www\github\johari\protected\controllers\SiteController.php(35): CComponent->__get('data')
#1 C:\wamp\www\github\johari\framework\web\actions\CInlineAction.php(49): SiteController->actionIndex()
#2 C:\wamp\www\github\johari\framework\web\CController.php(308): CInlineAction->runWithParams(Array)
#3 C:\wamp\www\github\johari\framework\web\CController.php(286): CController->runAction(Object(CInlineAction))
#4 C:\wamp\www\github\johari\framework\web\CController.php(265): CController->runActionWithFilters(Object(CInlineAction), Array)
#5 C:\wamp\www\github\johari\framework\web\CWebApplication.php(282): CController->run('index')
#6 C:\wamp\www\github\johari\framework\web\CWebApplication.php(141): CWebApplication->runController('site/index')
#7 C:\wamp\www\github\johari\framework\base\CApplication.php(169): CWebApplication->processRequest()
#8 C:\wamp\www\github\johari\index.php(13): CApplication->run()
#9 {main}
REQUEST_URI=/github/johari/index.php?r=site/index
HTTP_REFERER=http://localhost/github/johari/index.php?r=site/page&view=about
---
2013/05/06 13:31:46 [error] [php] Undefined variable: qwerty (C:\wamp\www\github\johari\protected\views\layouts\main.php:23)
Stack trace:
#0 C:\wamp\www\github\johari\framework\web\widgets\CContentDecorator.php(76): SiteController->renderFile()
#1 C:\wamp\www\github\johari\framework\web\widgets\CContentDecorator.php(54): CContentDecorator->decorate()
#2 C:\wamp\www\github\johari\framework\web\widgets\COutputProcessor.php(44): CContentDecorator->processOutput()
#3 C:\wamp\www\github\johari\framework\web\CBaseController.php(206): CContentDecorator->run()
#4 C:\wamp\www\github\johari\framework\web\CBaseController.php(300): SiteController->endWidget()
#5 C:\wamp\www\github\johari\protected\views\layouts\column1.php(6): SiteController->endContent()
#6 C:\wamp\www\github\johari\framework\web\CBaseController.php(126): require()
#7 C:\wamp\www\github\johari\framework\web\CBaseController.php(95): SiteController->renderInternal()
#8 C:\wamp\www\github\johari\framework\web\CController.php(784): SiteController->renderFile()
#9 C:\wamp\www\github\johari\protected\controllers\SiteController.php(39): SiteController->render()
#10 C:\wamp\www\github\johari\framework\web\actions\CInlineAction.php(49): SiteController->actionIndex()
#11 C:\wamp\www\github\johari\framework\web\CController.php(308): CInlineAction->runWithParams()
#12 C:\wamp\www\github\johari\framework\web\CController.php(286): SiteController->runAction()
#13 C:\wamp\www\github\johari\framework\web\CController.php(265): SiteController->runActionWithFilters()
#14 C:\wamp\www\github\johari\framework\web\CWebApplication.php(282): SiteController->run()
#15 C:\wamp\www\github\johari\framework\web\CWebApplication.php(141): CWebApplication->runController()
#16 C:\wamp\www\github\johari\framework\base\CApplication.php(169): CWebApplication->processRequest()
#17 C:\wamp\www\github\johari\index.php(13): CWebApplication->run()
REQUEST_URI=/github/johari/index.php?r=site/index
in C:\wamp\www\github\johari\protected\views\layouts\main.php (23)
in C:\wamp\www\github\johari\protected\views\layouts\column1.php (6)
in C:\wamp\www\github\johari\protected\controllers\SiteController.php (39)
2013/05/06 13:31:47 [error] [php] Undefined variable: qwerty (C:\wamp\www\github\johari\protected\views\layouts\main.php:23)
Stack trace:
#0 C:\wamp\www\github\johari\framework\web\widgets\CContentDecorator.php(76): SiteController->renderFile()
#1 C:\wamp\www\github\johari\framework\web\widgets\CContentDecorator.php(54): CContentDecorator->decorate()
#2 C:\wamp\www\github\johari\framework\web\widgets\COutputProcessor.php(44): CContentDecorator->processOutput()
#3 C:\wamp\www\github\johari\framework\web\CBaseController.php(206): CContentDecorator->run()
#4 C:\wamp\www\github\johari\framework\web\CBaseController.php(300): SiteController->endWidget()
#5 C:\wamp\www\github\johari\protected\views\layouts\column1.php(6): SiteController->endContent()
#6 C:\wamp\www\github\johari\framework\web\CBaseController.php(126): require()
#7 C:\wamp\www\github\johari\framework\web\CBaseController.php(95): SiteController->renderInternal()
#8 C:\wamp\www\github\johari\framework\web\CController.php(784): SiteController->renderFile()
#9 C:\wamp\www\github\johari\protected\controllers\SiteController.php(39): SiteController->render()
#10 C:\wamp\www\github\johari\framework\web\actions\CInlineAction.php(49): SiteController->actionIndex()
#11 C:\wamp\www\github\johari\framework\web\CController.php(308): CInlineAction->runWithParams()
#12 C:\wamp\www\github\johari\framework\web\CController.php(286): SiteController->runAction()
#13 C:\wamp\www\github\johari\framework\web\CController.php(265): SiteController->runActionWithFilters()
#14 C:\wamp\www\github\johari\framework\web\CWebApplication.php(282): SiteController->run()
#15 C:\wamp\www\github\johari\framework\web\CWebApplication.php(141): CWebApplication->runController()
#16 C:\wamp\www\github\johari\framework\base\CApplication.php(169): CWebApplication->processRequest()
#17 C:\wamp\www\github\johari\index.php(13): CWebApplication->run()
REQUEST_URI=/github/johari/index.php?r=site/index
in C:\wamp\www\github\johari\protected\views\layouts\main.php (23)
in C:\wamp\www\github\johari\protected\views\layouts\column1.php (6)
in C:\wamp\www\github\johari\protected\controllers\SiteController.php (39)
2013/05/06 13:39:18 [error] [php] Undefined variable: qwerty (C:\wamp\www\github\johari\protected\views\site\index.php:1)
Stack trace:
#0 C:\wamp\www\github\johari\framework\web\CController.php(869): SiteController->renderFile()
#1 C:\wamp\www\github\johari\framework\web\CController.php(782): SiteController->renderPartial()
#2 C:\wamp\www\github\johari\protected\controllers\SiteController.php(38): SiteController->render()
#3 C:\wamp\www\github\johari\framework\web\actions\CInlineAction.php(49): SiteController->actionIndex()
#4 C:\wamp\www\github\johari\framework\web\CController.php(308): CInlineAction->runWithParams()
#5 C:\wamp\www\github\johari\framework\web\CController.php(286): SiteController->runAction()
#6 C:\wamp\www\github\johari\framework\web\CController.php(265): SiteController->runActionWithFilters()
#7 C:\wamp\www\github\johari\framework\web\CWebApplication.php(282): SiteController->run()
#8 C:\wamp\www\github\johari\framework\web\CWebApplication.php(141): CWebApplication->runController()
#9 C:\wamp\www\github\johari\framework\base\CApplication.php(169): CWebApplication->processRequest()
#10 C:\wamp\www\github\johari\index.php(13): CWebApplication->run()
REQUEST_URI=/github/johari/index.php?r=site/index
in C:\wamp\www\github\johari\protected\views\site\index.php (1)
in C:\wamp\www\github\johari\protected\controllers\SiteController.php (38)
in C:\wamp\www\github\johari\index.php (13)
2013/05/06 13:39:24 [error] [php] Undefined variable: qwerty (C:\wamp\www\github\johari\protected\views\site\index.php:1)
Stack trace:
#0 C:\wamp\www\github\johari\framework\web\CController.php(869): SiteController->renderFile()
#1 C:\wamp\www\github\johari\framework\web\CController.php(782): SiteController->renderPartial()
#2 C:\wamp\www\github\johari\protected\controllers\SiteController.php(38): SiteController->render()
#3 C:\wamp\www\github\johari\framework\web\actions\CInlineAction.php(49): SiteController->actionIndex()
#4 C:\wamp\www\github\johari\framework\web\CController.php(308): CInlineAction->runWithParams()
#5 C:\wamp\www\github\johari\framework\web\CController.php(286): SiteController->runAction()
#6 C:\wamp\www\github\johari\framework\web\CController.php(265): SiteController->runActionWithFilters()
#7 C:\wamp\www\github\johari\framework\web\CWebApplication.php(282): SiteController->run()
#8 C:\wamp\www\github\johari\framework\web\CWebApplication.php(141): CWebApplication->runController()
#9 C:\wamp\www\github\johari\framework\base\CApplication.php(169): CWebApplication->processRequest()
#10 C:\wamp\www\github\johari\index.php(13): CWebApplication->run()
REQUEST_URI=/github/johari/index.php?r=site/index
in C:\wamp\www\github\johari\protected\views\site\index.php (1)
in C:\wamp\www\github\johari\protected\controllers\SiteController.php (38)
in C:\wamp\www\github\johari\index.php (13)
2013/05/06 19:19:13 [error] [system.db.CDbCommand] CDbCommand::fetchAll() failed: SQLSTATE[42S22]: Column not found: 1054 Unknown column 'qwertyu' in 'where clause'. The SQL statement executed was: SELECT *
FROM `names`
WHERE LCASE(name)=qwertyu.
in C:\wamp\www\github\johari\protected\models\JohariModel.php (8)
in C:\wamp\www\github\johari\protected\controllers\SiteController.php (36)
in C:\wamp\www\github\johari\index.php (13)
2013/05/06 19:19:13 [error] [exception.CDbException] exception 'CDbException' with message 'CDbCommand failed to execute the SQL statement: SQLSTATE[42S22]: Column not found: 1054 Unknown column 'qwertyu' in 'where clause'. The SQL statement executed was: SELECT *
FROM `names`
WHERE LCASE(name)=qwertyu' in C:\wamp\www\github\johari\framework\db\CDbCommand.php:541
Stack trace:
#0 C:\wamp\www\github\johari\framework\db\CDbCommand.php(395): CDbCommand->queryInternal('fetchAll', Array, Array)
#1 C:\wamp\www\github\johari\protected\models\JohariModel.php(8): CDbCommand->queryAll()
#2 C:\wamp\www\github\johari\protected\controllers\SiteController.php(36): JohariModel->nameExists('qwertyu')
#3 C:\wamp\www\github\johari\framework\web\actions\CInlineAction.php(49): SiteController->actionIndex()
#4 C:\wamp\www\github\johari\framework\web\CController.php(308): CInlineAction->runWithParams(Array)
#5 C:\wamp\www\github\johari\framework\web\CController.php(286): CController->runAction(Object(CInlineAction))
#6 C:\wamp\www\github\johari\framework\web\CController.php(265): CController->runActionWithFilters(Object(CInlineAction), Array)
#7 C:\wamp\www\github\johari\framework\web\CWebApplication.php(282): CController->run('')
#8 C:\wamp\www\github\johari\framework\web\CWebApplication.php(141): CWebApplication->runController('')
#9 C:\wamp\www\github\johari\framework\base\CApplication.php(169): CWebApplication->processRequest()
#10 C:\wamp\www\github\johari\index.php(13): CApplication->run()
#11 {main}
REQUEST_URI=/github/johari/
HTTP_REFERER=http://localhost/github/johari/
---
2013/05/06 19:21:37 [error] [exception.CException] exception 'CException' with message 'JohariModel and its behaviors do not have a method or closure named "saveRelationships".' in C:\wamp\www\github\johari\framework\base\CComponent.php:265
Stack trace:
#0 C:\wamp\www\github\johari\protected\controllers\SiteController.php(39): CComponent->__call('saveRelationshi...', Array)
#1 C:\wamp\www\github\johari\protected\controllers\SiteController.php(39): JohariModel->saveRelationships(Array)
#2 C:\wamp\www\github\johari\framework\web\actions\CInlineAction.php(49): SiteController->actionIndex()
#3 C:\wamp\www\github\johari\framework\web\CController.php(308): CInlineAction->runWithParams(Array)
#4 C:\wamp\www\github\johari\framework\web\CController.php(286): CController->runAction(Object(CInlineAction))
#5 C:\wamp\www\github\johari\framework\web\CController.php(265): CController->runActionWithFilters(Object(CInlineAction), Array)
#6 C:\wamp\www\github\johari\framework\web\CWebApplication.php(282): CController->run('')
#7 C:\wamp\www\github\johari\framework\web\CWebApplication.php(141): CWebApplication->runController('')
#8 C:\wamp\www\github\johari\framework\base\CApplication.php(169): CWebApplication->processRequest()
#9 C:\wamp\www\github\johari\index.php(13): CApplication->run()
#10 {main}
REQUEST_URI=/github/johari/
HTTP_REFERER=http://localhost/github/johari/
---
2013/05/06 19:38:11 [error] [php] Undefined variable: name (C:\wamp\www\github\johari\protected\models\JohariModel.php:12)
Stack trace:
#0 C:\wamp\www\github\johari\framework\web\CController.php(308): CInlineAction->runWithParams()
#1 C:\wamp\www\github\johari\framework\web\CController.php(286): SiteController->runAction()
#2 C:\wamp\www\github\johari\framework\web\CController.php(265): SiteController->runActionWithFilters()
#3 C:\wamp\www\github\johari\framework\web\CWebApplication.php(282): SiteController->run()
#4 C:\wamp\www\github\johari\framework\web\CWebApplication.php(141): CWebApplication->runController()
#5 C:\wamp\www\github\johari\framework\base\CApplication.php(169): CWebApplication->processRequest()
#6 C:\wamp\www\github\johari\index.php(13): CWebApplication->run()
REQUEST_URI=/github/johari/
in C:\wamp\www\github\johari\protected\models\JohariModel.php (12)
in C:\wamp\www\github\johari\protected\controllers\SiteController.php (40)
in C:\wamp\www\github\johari\index.php (13)
2013/05/06 19:38:53 [error] [php] Undefined variable: name (C:\wamp\www\github\johari\protected\models\JohariModel.php:12)
Stack trace:
#0 C:\wamp\www\github\johari\framework\web\CController.php(308): CInlineAction->runWithParams()
#1 C:\wamp\www\github\johari\framework\web\CController.php(286): SiteController->runAction()
#2 C:\wamp\www\github\johari\framework\web\CController.php(265): SiteController->runActionWithFilters()
#3 C:\wamp\www\github\johari\framework\web\CWebApplication.php(282): SiteController->run()
#4 C:\wamp\www\github\johari\framework\web\CWebApplication.php(141): CWebApplication->runController()
#5 C:\wamp\www\github\johari\framework\base\CApplication.php(169): CWebApplication->processRequest()
#6 C:\wamp\www\github\johari\index.php(13): CWebApplication->run()
REQUEST_URI=/github/johari/
in C:\wamp\www\github\johari\protected\models\JohariModel.php (12)
in C:\wamp\www\github\johari\protected\controllers\SiteController.php (40)
in C:\wamp\www\github\johari\index.php (13)
2013/05/06 19:39:34 [error] [exception.CException] exception 'CException' with message 'Property "CDbCommand.lastInsertID" is not defined.' in C:\wamp\www\github\johari\framework\base\CComponent.php:130
Stack trace:
#0 C:\wamp\www\github\johari\protected\models\JohariModel.php(12): CComponent->__get('lastInsertID')
#1 C:\wamp\www\github\johari\protected\controllers\SiteController.php(40): JohariModel->saveSelf(Array)
#2 C:\wamp\www\github\johari\framework\web\actions\CInlineAction.php(49): SiteController->actionIndex()
#3 C:\wamp\www\github\johari\framework\web\CController.php(308): CInlineAction->runWithParams(Array)
#4 C:\wamp\www\github\johari\framework\web\CController.php(286): CController->runAction(Object(CInlineAction))
#5 C:\wamp\www\github\johari\framework\web\CController.php(265): CController->runActionWithFilters(Object(CInlineAction), Array)
#6 C:\wamp\www\github\johari\framework\web\CWebApplication.php(282): CController->run('')
#7 C:\wamp\www\github\johari\framework\web\CWebApplication.php(141): CWebApplication->runController('')
#8 C:\wamp\www\github\johari\framework\base\CApplication.php(169): CWebApplication->processRequest()
#9 C:\wamp\www\github\johari\index.php(13): CApplication->run()
#10 {main}
REQUEST_URI=/github/johari/
HTTP_REFERER=http://localhost/github/johari/
---
2013/05/06 19:40:55 [error] [exception.CException] exception 'CException' with message 'CDbCommand and its behaviors do not have a method or closure named "lastInsertID".' in C:\wamp\www\github\johari\framework\base\CComponent.php:265
Stack trace:
#0 C:\wamp\www\github\johari\protected\models\JohariModel.php(12): CComponent->__call('lastInsertID', Array)
#1 C:\wamp\www\github\johari\protected\models\JohariModel.php(12): CDbCommand->lastInsertID()
#2 C:\wamp\www\github\johari\protected\controllers\SiteController.php(40): JohariModel->saveSelf(Array)
#3 C:\wamp\www\github\johari\framework\web\actions\CInlineAction.php(49): SiteController->actionIndex()
#4 C:\wamp\www\github\johari\framework\web\CController.php(308): CInlineAction->runWithParams(Array)
#5 C:\wamp\www\github\johari\framework\web\CController.php(286): CController->runAction(Object(CInlineAction))
#6 C:\wamp\www\github\johari\framework\web\CController.php(265): CController->runActionWithFilters(Object(CInlineAction), Array)
#7 C:\wamp\www\github\johari\framework\web\CWebApplication.php(282): CController->run('')
#8 C:\wamp\www\github\johari\framework\web\CWebApplication.php(141): CWebApplication->runController('')
#9 C:\wamp\www\github\johari\framework\base\CApplication.php(169): CWebApplication->processRequest()
#10 C:\wamp\www\github\johari\index.php(13): CApplication->run()
#11 {main}
REQUEST_URI=/github/johari/
HTTP_REFERER=http://localhost/github/johari/
---
2013/05/06 19:41:44 [error] [exception.CException] exception 'CException' with message 'CDbCommand and its behaviors do not have a method or closure named "lastInsertID".' in C:\wamp\www\github\johari\framework\base\CComponent.php:265
Stack trace:
#0 C:\wamp\www\github\johari\protected\models\JohariModel.php(12): CComponent->__call('lastInsertID', Array)
#1 C:\wamp\www\github\johari\protected\models\JohariModel.php(12): CDbCommand->lastInsertID()
#2 C:\wamp\www\github\johari\protected\controllers\SiteController.php(40): JohariModel->saveSelf(Array)
#3 C:\wamp\www\github\johari\framework\web\actions\CInlineAction.php(49): SiteController->actionIndex()
#4 C:\wamp\www\github\johari\framework\web\CController.php(308): CInlineAction->runWithParams(Array)
#5 C:\wamp\www\github\johari\framework\web\CController.php(286): CController->runAction(Object(CInlineAction))
#6 C:\wamp\www\github\johari\framework\web\CController.php(265): CController->runActionWithFilters(Object(CInlineAction), Array)
#7 C:\wamp\www\github\johari\framework\web\CWebApplication.php(282): CController->run('')
#8 C:\wamp\www\github\johari\framework\web\CWebApplication.php(141): CWebApplication->runController('')
#9 C:\wamp\www\github\johari\framework\base\CApplication.php(169): CWebApplication->processRequest()
#10 C:\wamp\www\github\johari\index.php(13): CApplication->run()
#11 {main}
REQUEST_URI=/github/johari/
HTTP_REFERER=http://localhost/github/johari/
---
2013/05/06 19:45:25 [error] [exception.CException] exception 'CException' with message 'CDbConnection and its behaviors do not have a method or closure named "lastInsertID".' in C:\wamp\www\github\johari\framework\base\CComponent.php:265
Stack trace:
#0 C:\wamp\www\github\johari\protected\models\JohariModel.php(13): CComponent->__call('lastInsertID', Array)
#1 C:\wamp\www\github\johari\protected\models\JohariModel.php(13): CDbConnection->lastInsertID()
#2 C:\wamp\www\github\johari\protected\controllers\SiteController.php(40): JohariModel->saveSelf(Array)
#3 C:\wamp\www\github\johari\framework\web\actions\CInlineAction.php(49): SiteController->actionIndex()
#4 C:\wamp\www\github\johari\framework\web\CController.php(308): CInlineAction->runWithParams(Array)
#5 C:\wamp\www\github\johari\framework\web\CController.php(286): CController->runAction(Object(CInlineAction))
#6 C:\wamp\www\github\johari\framework\web\CController.php(265): CController->runActionWithFilters(Object(CInlineAction), Array)
#7 C:\wamp\www\github\johari\framework\web\CWebApplication.php(282): CController->run('')
#8 C:\wamp\www\github\johari\framework\web\CWebApplication.php(141): CWebApplication->runController('')
#9 C:\wamp\www\github\johari\framework\base\CApplication.php(169): CWebApplication->processRequest()
#10 C:\wamp\www\github\johari\index.php(13): CApplication->run()
#11 {main}
REQUEST_URI=/github/johari/
HTTP_REFERER=http://localhost/github/johari/
---
2013/05/06 19:45:30 [error] [exception.CException] exception 'CException' with message 'CDbConnection and its behaviors do not have a method or closure named "lastInsertID".' in C:\wamp\www\github\johari\framework\base\CComponent.php:265
Stack trace:
#0 C:\wamp\www\github\johari\protected\models\JohariModel.php(13): CComponent->__call('lastInsertID', Array)
#1 C:\wamp\www\github\johari\protected\models\JohariModel.php(13): CDbConnection->lastInsertID()
#2 C:\wamp\www\github\johari\protected\controllers\SiteController.php(40): JohariModel->saveSelf(Array)
#3 C:\wamp\www\github\johari\framework\web\actions\CInlineAction.php(49): SiteController->actionIndex()
#4 C:\wamp\www\github\johari\framework\web\CController.php(308): CInlineAction->runWithParams(Array)
#5 C:\wamp\www\github\johari\framework\web\CController.php(286): CController->runAction(Object(CInlineAction))
#6 C:\wamp\www\github\johari\framework\web\CController.php(265): CController->runActionWithFilters(Object(CInlineAction), Array)
#7 C:\wamp\www\github\johari\framework\web\CWebApplication.php(282): CController->run('')
#8 C:\wamp\www\github\johari\framework\web\CWebApplication.php(141): CWebApplication->runController('')
#9 C:\wamp\www\github\johari\framework\base\CApplication.php(169): CWebApplication->processRequest()
#10 C:\wamp\www\github\johari\index.php(13): CApplication->run()
#11 {main}
REQUEST_URI=/github/johari/
HTTP_REFERER=http://localhost/github/johari/
---
2013/05/06 19:45:31 [error] [exception.CException] exception 'CException' with message 'CDbConnection and its behaviors do not have a method or closure named "lastInsertID".' in C:\wamp\www\github\johari\framework\base\CComponent.php:265
Stack trace:
#0 C:\wamp\www\github\johari\protected\models\JohariModel.php(13): CComponent->__call('lastInsertID', Array)
#1 C:\wamp\www\github\johari\protected\models\JohariModel.php(13): CDbConnection->lastInsertID()
#2 C:\wamp\www\github\johari\protected\controllers\SiteController.php(40): JohariModel->saveSelf(Array)
#3 C:\wamp\www\github\johari\framework\web\actions\CInlineAction.php(49): SiteController->actionIndex()
#4 C:\wamp\www\github\johari\framework\web\CController.php(308): CInlineAction->runWithParams(Array)
#5 C:\wamp\www\github\johari\framework\web\CController.php(286): CController->runAction(Object(CInlineAction))
#6 C:\wamp\www\github\johari\framework\web\CController.php(265): CController->runActionWithFilters(Object(CInlineAction), Array)
#7 C:\wamp\www\github\johari\framework\web\CWebApplication.php(282): CController->run('')
#8 C:\wamp\www\github\johari\framework\web\CWebApplication.php(141): CWebApplication->runController('')
#9 C:\wamp\www\github\johari\framework\base\CApplication.php(169): CWebApplication->processRequest()
#10 C:\wamp\www\github\johari\index.php(13): CApplication->run()
#11 {main}
REQUEST_URI=/github/johari/
HTTP_REFERER=http://localhost/github/johari/
---
2013/05/06 19:53:24 [error] [exception.CException] exception 'CException' with message 'CDbConnection and its behaviors do not have a method or closure named "lastInsertID".' in C:\wamp\www\github\johari\framework\base\CComponent.php:265
Stack trace:
#0 C:\wamp\www\github\johari\protected\models\JohariModel.php(13): CComponent->__call('lastInsertID', Array)
#1 C:\wamp\www\github\johari\protected\models\JohariModel.php(13): CDbConnection->lastInsertID()
#2 C:\wamp\www\github\johari\protected\controllers\SiteController.php(40): JohariModel->saveSelf(Array)
#3 C:\wamp\www\github\johari\framework\web\actions\CInlineAction.php(49): SiteController->actionIndex()
#4 C:\wamp\www\github\johari\framework\web\CController.php(308): CInlineAction->runWithParams(Array)
#5 C:\wamp\www\github\johari\framework\web\CController.php(286): CController->runAction(Object(CInlineAction))
#6 C:\wamp\www\github\johari\framework\web\CController.php(265): CController->runActionWithFilters(Object(CInlineAction), Array)
#7 C:\wamp\www\github\johari\framework\web\CWebApplication.php(282): CController->run('')
#8 C:\wamp\www\github\johari\framework\web\CWebApplication.php(141): CWebApplication->runController('')
#9 C:\wamp\www\github\johari\framework\base\CApplication.php(169): CWebApplication->processRequest()
#10 C:\wamp\www\github\johari\index.php(13): CApplication->run()
#11 {main}
REQUEST_URI=/github/johari/
HTTP_REFERER=http://localhost/github/johari/
---
2013/05/06 19:56:59 [error] [exception.CException] exception 'CException' with message 'CDbConnection and its behaviors do not have a method or closure named "lastInsertID".' in C:\wamp\www\github\johari\framework\base\CComponent.php:265
Stack trace:
#0 C:\wamp\www\github\johari\protected\models\JohariModel.php(13): CComponent->__call('lastInsertID', Array)
#1 C:\wamp\www\github\johari\protected\models\JohariModel.php(13): CDbConnection->lastInsertID()
#2 C:\wamp\www\github\johari\protected\controllers\SiteController.php(40): JohariModel->saveSelf(Array)
#3 C:\wamp\www\github\johari\framework\web\actions\CInlineAction.php(49): SiteController->actionIndex()
#4 C:\wamp\www\github\johari\framework\web\CController.php(308): CInlineAction->runWithParams(Array)
#5 C:\wamp\www\github\johari\framework\web\CController.php(286): CController->runAction(Object(CInlineAction))
#6 C:\wamp\www\github\johari\framework\web\CController.php(265): CController->runActionWithFilters(Object(CInlineAction), Array)
#7 C:\wamp\www\github\johari\framework\web\CWebApplication.php(282): CController->run('')
#8 C:\wamp\www\github\johari\framework\web\CWebApplication.php(141): CWebApplication->runController('')
#9 C:\wamp\www\github\johari\framework\base\CApplication.php(169): CWebApplication->processRequest()
#10 C:\wamp\www\github\johari\index.php(13): CApplication->run()
#11 {main}
REQUEST_URI=/github/johari/
HTTP_REFERER=http://localhost/github/johari/
---
2013/05/07 06:42:31 [error] [exception.CException] exception 'CException' with message 'CDbConnection and its behaviors do not have a method or closure named "lastInsertID".' in C:\wamp\www\github\johari\framework\base\CComponent.php:265
Stack trace:
#0 C:\wamp\www\github\johari\protected\models\JohariModel.php(14): CComponent->__call('lastInsertID', Array)
#1 C:\wamp\www\github\johari\protected\models\JohariModel.php(14): CDbConnection->lastInsertID()
#2 C:\wamp\www\github\johari\protected\controllers\SiteController.php(40): JohariModel->save(Array)
#3 C:\wamp\www\github\johari\framework\web\actions\CInlineAction.php(49): SiteController->actionIndex()
#4 C:\wamp\www\github\johari\framework\web\CController.php(308): CInlineAction->runWithParams(Array)
#5 C:\wamp\www\github\johari\framework\web\CController.php(286): CController->runAction(Object(CInlineAction))
#6 C:\wamp\www\github\johari\framework\web\CController.php(265): CController->runActionWithFilters(Object(CInlineAction), Array)
#7 C:\wamp\www\github\johari\framework\web\CWebApplication.php(282): CController->run('')
#8 C:\wamp\www\github\johari\framework\web\CWebApplication.php(141): CWebApplication->runController('')
#9 C:\wamp\www\github\johari\framework\base\CApplication.php(169): CWebApplication->processRequest()
#10 C:\wamp\www\github\johari\index.php(13): CApplication->run()
#11 {main}
REQUEST_URI=/github/johari/
HTTP_REFERER=http://localhost/github/johari/
---
2013/05/07 06:44:20 [error] [system.db.CDbCommand] CDbCommand::execute() failed: SQLSTATE[42S22]: Column not found: 1054 Unknown column 'name' in 'field list'. The SQL statement executed was: INSERT INTO `features` (`name`, `feature`, `voter`) VALUES (:name, :feature, :voter).
in C:\wamp\www\github\johari\protected\models\JohariModel.php (19)
in C:\wamp\www\github\johari\protected\controllers\SiteController.php (40)
in C:\wamp\www\github\johari\index.php (13)
2013/05/07 06:44:20 [error] [exception.CDbException] exception 'CDbException' with message 'CDbCommand failed to execute the SQL statement: SQLSTATE[42S22]: Column not found: 1054 Unknown column 'name' in 'field list'. The SQL statement executed was: INSERT INTO `features` (`name`, `feature`, `voter`) VALUES (:name, :feature, :voter)' in C:\wamp\www\github\johari\framework\db\CDbCommand.php:357
Stack trace:
#0 C:\wamp\www\github\johari\framework\db\CDbCommand.php(1247): CDbCommand->execute(Array)
#1 C:\wamp\www\github\johari\protected\models\JohariModel.php(19): CDbCommand->insert('features', Array)
#2 C:\wamp\www\github\johari\protected\controllers\SiteController.php(40): JohariModel->save(Array)
#3 C:\wamp\www\github\johari\framework\web\actions\CInlineAction.php(49): SiteController->actionIndex()
#4 C:\wamp\www\github\johari\framework\web\CController.php(308): CInlineAction->runWithParams(Array)
#5 C:\wamp\www\github\johari\framework\web\CController.php(286): CController->runAction(Object(CInlineAction))
#6 C:\wamp\www\github\johari\framework\web\CController.php(265): CController->runActionWithFilters(Object(CInlineAction), Array)
#7 C:\wamp\www\github\johari\framework\web\CWebApplication.php(282): CController->run('')
#8 C:\wamp\www\github\johari\framework\web\CWebApplication.php(141): CWebApplication->runController('')
#9 C:\wamp\www\github\johari\framework\base\CApplication.php(169): CWebApplication->processRequest()
#10 C:\wamp\www\github\johari\index.php(13): CApplication->run()
#11 {main}
REQUEST_URI=/github/johari/
HTTP_REFERER=http://localhost/github/johari/
---
2013/05/07 07:46:45 [error] [php] Array to string conversion (C:\wamp\www\github\johari\framework\db\CDbCommand.php:336)
Stack trace:
#0 C:\wamp\www\github\johari\protected\models\JohariModel.php(27): CDbCommand->insert()
#1 C:\wamp\www\github\johari\protected\controllers\SiteController.php(39): JohariModel->save()
#2 C:\wamp\www\github\johari\framework\web\actions\CInlineAction.php(49): SiteController->actionIndex()
#3 C:\wamp\www\github\johari\framework\web\CController.php(308): CInlineAction->runWithParams()
#4 C:\wamp\www\github\johari\framework\web\CController.php(286): SiteController->runAction()
#5 C:\wamp\www\github\johari\framework\web\CController.php(265): SiteController->runActionWithFilters()
#6 C:\wamp\www\github\johari\framework\web\CWebApplication.php(282): SiteController->run()
#7 C:\wamp\www\github\johari\framework\web\CWebApplication.php(141): CWebApplication->runController()
#8 C:\wamp\www\github\johari\framework\base\CApplication.php(169): CWebApplication->processRequest()
#9 C:\wamp\www\github\johari\index.php(13): CWebApplication->run()
REQUEST_URI=/github/johari/?name=martin
in C:\wamp\www\github\johari\protected\models\JohariModel.php (27)
in C:\wamp\www\github\johari\protected\controllers\SiteController.php (39)
in C:\wamp\www\github\johari\index.php (13)
2013/05/07 07:46:54 [error] [php] Array to string conversion (C:\wamp\www\github\johari\framework\db\CDbCommand.php:336)
Stack trace:
#0 C:\wamp\www\github\johari\protected\models\JohariModel.php(27): CDbCommand->insert()
#1 C:\wamp\www\github\johari\protected\controllers\SiteController.php(39): JohariModel->save()
#2 C:\wamp\www\github\johari\framework\web\actions\CInlineAction.php(49): SiteController->actionIndex()
#3 C:\wamp\www\github\johari\framework\web\CController.php(308): CInlineAction->runWithParams()
#4 C:\wamp\www\github\johari\framework\web\CController.php(286): SiteController->runAction()
#5 C:\wamp\www\github\johari\framework\web\CController.php(265): SiteController->runActionWithFilters()
#6 C:\wamp\www\github\johari\framework\web\CWebApplication.php(282): SiteController->run()
#7 C:\wamp\www\github\johari\framework\web\CWebApplication.php(141): CWebApplication->runController()
#8 C:\wamp\www\github\johari\framework\base\CApplication.php(169): CWebApplication->processRequest()
#9 C:\wamp\www\github\johari\index.php(13): CWebApplication->run()
REQUEST_URI=/github/johari/?name=martin
in C:\wamp\www\github\johari\protected\models\JohariModel.php (27)
in C:\wamp\www\github\johari\protected\controllers\SiteController.php (39)
in C:\wamp\www\github\johari\index.php (13)
2013/05/07 07:49:21 [error] [php] Array to string conversion (C:\wamp\www\github\johari\framework\db\CDbCommand.php:336)
Stack trace:
#0 C:\wamp\www\github\johari\protected\models\JohariModel.php(27): CDbCommand->insert()
#1 C:\wamp\www\github\johari\protected\controllers\SiteController.php(39): JohariModel->save()
#2 C:\wamp\www\github\johari\framework\web\actions\CInlineAction.php(49): SiteController->actionIndex()
#3 C:\wamp\www\github\johari\framework\web\CController.php(308): CInlineAction->runWithParams()
#4 C:\wamp\www\github\johari\framework\web\CController.php(286): SiteController->runAction()
#5 C:\wamp\www\github\johari\framework\web\CController.php(265): SiteController->runActionWithFilters()
#6 C:\wamp\www\github\johari\framework\web\CWebApplication.php(282): SiteController->run()
#7 C:\wamp\www\github\johari\framework\web\CWebApplication.php(141): CWebApplication->runController()
#8 C:\wamp\www\github\johari\framework\base\CApplication.php(169): CWebApplication->processRequest()
#9 C:\wamp\www\github\johari\index.php(13): CWebApplication->run()
REQUEST_URI=/github/johari/?name=martin
in C:\wamp\www\github\johari\protected\models\JohariModel.php (27)
in C:\wamp\www\github\johari\protected\controllers\SiteController.php (39)
in C:\wamp\www\github\johari\index.php (13)
2013/05/07 07:51:41 [error] [php] Array to string conversion (C:\wamp\www\github\johari\framework\db\CDbCommand.php:336)
Stack trace:
#0 C:\wamp\www\github\johari\protected\models\JohariModel.php(27): CDbCommand->insert()
#1 C:\wamp\www\github\johari\protected\controllers\SiteController.php(39): JohariModel->save()
#2 C:\wamp\www\github\johari\framework\web\actions\CInlineAction.php(49): SiteController->actionIndex()
#3 C:\wamp\www\github\johari\framework\web\CController.php(308): CInlineAction->runWithParams()
#4 C:\wamp\www\github\johari\framework\web\CController.php(286): SiteController->runAction()
#5 C:\wamp\www\github\johari\framework\web\CController.php(265): SiteController->runActionWithFilters()
#6 C:\wamp\www\github\johari\framework\web\CWebApplication.php(282): SiteController->run()
#7 C:\wamp\www\github\johari\framework\web\CWebApplication.php(141): CWebApplication->runController()
#8 C:\wamp\www\github\johari\framework\base\CApplication.php(169): CWebApplication->processRequest()
#9 C:\wamp\www\github\johari\index.php(13): CWebApplication->run()
REQUEST_URI=/github/johari/?name=martin
in C:\wamp\www\github\johari\protected\models\JohariModel.php (27)
in C:\wamp\www\github\johari\protected\controllers\SiteController.php (39)
in C:\wamp\www\github\johari\index.php (13)
2013/05/07 07:51:52 [error] [php] Array to string conversion (C:\wamp\www\github\johari\framework\db\CDbCommand.php:336)
Stack trace:
#0 C:\wamp\www\github\johari\protected\models\JohariModel.php(27): CDbCommand->insert()
#1 C:\wamp\www\github\johari\protected\controllers\SiteController.php(39): JohariModel->save()
#2 C:\wamp\www\github\johari\framework\web\actions\CInlineAction.php(49): SiteController->actionIndex()
#3 C:\wamp\www\github\johari\framework\web\CController.php(308): CInlineAction->runWithParams()
#4 C:\wamp\www\github\johari\framework\web\CController.php(286): SiteController->runAction()
#5 C:\wamp\www\github\johari\framework\web\CController.php(265): SiteController->runActionWithFilters()
#6 C:\wamp\www\github\johari\framework\web\CWebApplication.php(282): SiteController->run()
#7 C:\wamp\www\github\johari\framework\web\CWebApplication.php(141): CWebApplication->runController()
#8 C:\wamp\www\github\johari\framework\base\CApplication.php(169): CWebApplication->processRequest()
#9 C:\wamp\www\github\johari\index.php(13): CWebApplication->run()
REQUEST_URI=/github/johari/?name=martin
in C:\wamp\www\github\johari\protected\models\JohariModel.php (27)
in C:\wamp\www\github\johari\protected\controllers\SiteController.php (39)
in C:\wamp\www\github\johari\index.php (13)
2013/05/07 07:51:53 [error] [php] Array to string conversion (C:\wamp\www\github\johari\framework\db\CDbCommand.php:336)
Stack trace:
#0 C:\wamp\www\github\johari\protected\models\JohariModel.php(27): CDbCommand->insert()
#1 C:\wamp\www\github\johari\protected\controllers\SiteController.php(39): JohariModel->save()
#2 C:\wamp\www\github\johari\framework\web\actions\CInlineAction.php(49): SiteController->actionIndex()
#3 C:\wamp\www\github\johari\framework\web\CController.php(308): CInlineAction->runWithParams()
#4 C:\wamp\www\github\johari\framework\web\CController.php(286): SiteController->runAction()
#5 C:\wamp\www\github\johari\framework\web\CController.php(265): SiteController->runActionWithFilters()
#6 C:\wamp\www\github\johari\framework\web\CWebApplication.php(282): SiteController->run()
#7 C:\wamp\www\github\johari\framework\web\CWebApplication.php(141): CWebApplication->runController()
#8 C:\wamp\www\github\johari\framework\base\CApplication.php(169): CWebApplication->processRequest()
#9 C:\wamp\www\github\johari\index.php(13): CWebApplication->run()
REQUEST_URI=/github/johari/?name=martin
in C:\wamp\www\github\johari\protected\models\JohariModel.php (27)
in C:\wamp\www\github\johari\protected\controllers\SiteController.php (39)
in C:\wamp\www\github\johari\index.php (13)
2013/05/07 07:53:31 [error] [php] Array to string conversion (C:\wamp\www\github\johari\framework\db\CDbCommand.php:336)
Stack trace:
#0 C:\wamp\www\github\johari\protected\models\JohariModel.php(27): CDbCommand->insert()
#1 C:\wamp\www\github\johari\protected\controllers\SiteController.php(39): JohariModel->save()
#2 C:\wamp\www\github\johari\framework\web\actions\CInlineAction.php(49): SiteController->actionIndex()
#3 C:\wamp\www\github\johari\framework\web\CController.php(308): CInlineAction->runWithParams()
#4 C:\wamp\www\github\johari\framework\web\CController.php(286): SiteController->runAction()
#5 C:\wamp\www\github\johari\framework\web\CController.php(265): SiteController->runActionWithFilters()
#6 C:\wamp\www\github\johari\framework\web\CWebApplication.php(282): SiteController->run()
#7 C:\wamp\www\github\johari\framework\web\CWebApplication.php(141): CWebApplication->runController()
#8 C:\wamp\www\github\johari\framework\base\CApplication.php(169): CWebApplication->processRequest()
#9 C:\wamp\www\github\johari\index.php(13): CWebApplication->run()
REQUEST_URI=/github/johari/?name=martin
in C:\wamp\www\github\johari\protected\models\JohariModel.php (27)
in C:\wamp\www\github\johari\protected\controllers\SiteController.php (39)
in C:\wamp\www\github\johari\index.php (13)
2013/05/07 07:59:47 [error] [php] Undefined variable: name (C:\wamp\www\github\johari\protected\models\JohariModel.php:29)
Stack trace:
#0 C:\wamp\www\github\johari\framework\web\CController.php(308): CInlineAction->runWithParams()
#1 C:\wamp\www\github\johari\framework\web\CController.php(286): SiteController->runAction()
#2 C:\wamp\www\github\johari\framework\web\CController.php(265): SiteController->runActionWithFilters()
#3 C:\wamp\www\github\johari\framework\web\CWebApplication.php(282): SiteController->run()
#4 C:\wamp\www\github\johari\framework\web\CWebApplication.php(141): CWebApplication->runController()
#5 C:\wamp\www\github\johari\framework\base\CApplication.php(169): CWebApplication->processRequest()
#6 C:\wamp\www\github\johari\index.php(13): CWebApplication->run()
REQUEST_URI=/github/johari/?name=martin
in C:\wamp\www\github\johari\protected\models\JohariModel.php (29)
in C:\wamp\www\github\johari\protected\controllers\SiteController.php (39)
in C:\wamp\www\github\johari\index.php (13)
2013/05/07 08:04:13 [error] [php] Undefined variable: name (C:\wamp\www\github\johari\protected\models\JohariModel.php:29)
Stack trace:
#0 C:\wamp\www\github\johari\framework\web\CController.php(308): CInlineAction->runWithParams()
#1 C:\wamp\www\github\johari\framework\web\CController.php(286): SiteController->runAction()
#2 C:\wamp\www\github\johari\framework\web\CController.php(265): SiteController->runActionWithFilters()
#3 C:\wamp\www\github\johari\framework\web\CWebApplication.php(282): SiteController->run()
#4 C:\wamp\www\github\johari\framework\web\CWebApplication.php(141): CWebApplication->runController()
#5 C:\wamp\www\github\johari\framework\base\CApplication.php(169): CWebApplication->processRequest()
#6 C:\wamp\www\github\johari\index.php(13): CWebApplication->run()
REQUEST_URI=/github/johari/?name=martin
in C:\wamp\www\github\johari\protected\models\JohariModel.php (29)
in C:\wamp\www\github\johari\protected\controllers\SiteController.php (39)
in C:\wamp\www\github\johari\index.php (13)
2013/05/07 08:04:41 [error] [php] Undefined variable: name (C:\wamp\www\github\johari\protected\models\JohariModel.php:29)
Stack trace:
#0 C:\wamp\www\github\johari\framework\web\CController.php(308): CInlineAction->runWithParams()
#1 C:\wamp\www\github\johari\framework\web\CController.php(286): SiteController->runAction()
#2 C:\wamp\www\github\johari\framework\web\CController.php(265): SiteController->runActionWithFilters()
#3 C:\wamp\www\github\johari\framework\web\CWebApplication.php(282): SiteController->run()
#4 C:\wamp\www\github\johari\framework\web\CWebApplication.php(141): CWebApplication->runController()
#5 C:\wamp\www\github\johari\framework\base\CApplication.php(169): CWebApplication->processRequest()
#6 C:\wamp\www\github\johari\index.php(13): CWebApplication->run()
REQUEST_URI=/github/johari/?name=martin
in C:\wamp\www\github\johari\protected\models\JohariModel.php (29)
in C:\wamp\www\github\johari\protected\controllers\SiteController.php (39)
in C:\wamp\www\github\johari\index.php (13)
2013/05/07 08:06:32 [error] [php] Undefined variable: voter (C:\wamp\www\github\johari\protected\models\JohariModel.php:29)
Stack trace:
#0 C:\wamp\www\github\johari\framework\web\CController.php(308): CInlineAction->runWithParams()
#1 C:\wamp\www\github\johari\framework\web\CController.php(286): SiteController->runAction()
#2 C:\wamp\www\github\johari\framework\web\CController.php(265): SiteController->runActionWithFilters()
#3 C:\wamp\www\github\johari\framework\web\CWebApplication.php(282): SiteController->run()
#4 C:\wamp\www\github\johari\framework\web\CWebApplication.php(141): CWebApplication->runController()
#5 C:\wamp\www\github\johari\framework\base\CApplication.php(169): CWebApplication->processRequest()
#6 C:\wamp\www\github\johari\index.php(13): CWebApplication->run()
REQUEST_URI=/github/johari/?name=martin
in C:\wamp\www\github\johari\protected\models\JohariModel.php (29)
in C:\wamp\www\github\johari\protected\controllers\SiteController.php (39)
in C:\wamp\www\github\johari\index.php (13)
2013/05/07 08:28:56 [error] [system.db.CDbCommand] CDbCommand::fetchAll() failed: SQLSTATE[23000]: Integrity constraint violation: 1052 Column 'name' in where clause is ambiguous. The SQL statement executed was: SELECT *
FROM `relationships` `r`
JOIN `names` `n` ON n.name_id = r.name
WHERE LCASE(name) = "martin".
in C:\wamp\www\github\johari\protected\models\JohariModel.php (12)
in C:\wamp\www\github\johari\protected\controllers\SiteController.php (35)
in C:\wamp\www\github\johari\index.php (13)
2013/05/07 08:28:56 [error] [exception.CDbException] exception 'CDbException' with message 'CDbCommand failed to execute the SQL statement: SQLSTATE[23000]: Integrity constraint violation: 1052 Column 'name' in where clause is ambiguous. The SQL statement executed was: SELECT *
FROM `relationships` `r`
JOIN `names` `n` ON n.name_id = r.name
WHERE LCASE(name) = "martin"' in C:\wamp\www\github\johari\framework\db\CDbCommand.php:541
Stack trace:
#0 C:\wamp\www\github\johari\framework\db\CDbCommand.php(395): CDbCommand->queryInternal('fetchAll', Array, Array)
#1 C:\wamp\www\github\johari\protected\models\JohariModel.php(12): CDbCommand->queryAll()
#2 C:\wamp\www\github\johari\protected\controllers\SiteController.php(35): JohariModel->getResults('martin')
#3 C:\wamp\www\github\johari\framework\web\actions\CInlineAction.php(49): SiteController->actionIndex()
#4 C:\wamp\www\github\johari\framework\web\CController.php(308): CInlineAction->runWithParams(Array)
#5 C:\wamp\www\github\johari\framework\web\CController.php(286): CController->runAction(Object(CInlineAction))
#6 C:\wamp\www\github\johari\framework\web\CController.php(265): CController->runActionWithFilters(Object(CInlineAction), Array)
#7 C:\wamp\www\github\johari\framework\web\CWebApplication.php(282): CController->run('')
#8 C:\wamp\www\github\johari\framework\web\CWebApplication.php(141): CWebApplication->runController('')
#9 C:\wamp\www\github\johari\framework\base\CApplication.php(169): CWebApplication->processRequest()
#10 C:\wamp\www\github\johari\index.php(13): CApplication->run()
#11 {main}
REQUEST_URI=/github/johari/?view=martin
---
2013/05/07 08:31:50 [error] [system.db.CDbCommand] CDbCommand::fetchAll() failed: SQLSTATE[42000]: Syntax error or access violation: 1066 Not unique table/alias: 'n'. The SQL statement executed was: SELECT *
FROM `relationships` `r`
JOIN `names` `n` ON n.name_id = r.name
JOIN `names` `n` ON n.name_id = r.voter
WHERE LCASE(n.name) = "martin".
in C:\wamp\www\github\johari\protected\models\JohariModel.php (12)
in C:\wamp\www\github\johari\protected\controllers\SiteController.php (35)
in C:\wamp\www\github\johari\index.php (13)
2013/05/07 08:31:50 [error] [exception.CDbException] exception 'CDbException' with message 'CDbCommand failed to execute the SQL statement: SQLSTATE[42000]: Syntax error or access violation: 1066 Not unique table/alias: 'n'. The SQL statement executed was: SELECT *
FROM `relationships` `r`
JOIN `names` `n` ON n.name_id = r.name
JOIN `names` `n` ON n.name_id = r.voter
WHERE LCASE(n.name) = "martin"' in C:\wamp\www\github\johari\framework\db\CDbCommand.php:541
Stack trace:
#0 C:\wamp\www\github\johari\framework\db\CDbCommand.php(395): CDbCommand->queryInternal('fetchAll', Array, Array)
#1 C:\wamp\www\github\johari\protected\models\JohariModel.php(12): CDbCommand->queryAll()
#2 C:\wamp\www\github\johari\protected\controllers\SiteController.php(35): JohariModel->getResults('martin')
#3 C:\wamp\www\github\johari\framework\web\actions\CInlineAction.php(49): SiteController->actionIndex()
#4 C:\wamp\www\github\johari\framework\web\CController.php(308): CInlineAction->runWithParams(Array)
#5 C:\wamp\www\github\johari\framework\web\CController.php(286): CController->runAction(Object(CInlineAction))
#6 C:\wamp\www\github\johari\framework\web\CController.php(265): CController->runActionWithFilters(Object(CInlineAction), Array)
#7 C:\wamp\www\github\johari\framework\web\CWebApplication.php(282): CController->run('')
#8 C:\wamp\www\github\johari\framework\web\CWebApplication.php(141): CWebApplication->runController('')
#9 C:\wamp\www\github\johari\framework\base\CApplication.php(169): CWebApplication->processRequest()
#10 C:\wamp\www\github\johari\index.php(13): CApplication->run()
#11 {main}
REQUEST_URI=/github/johari/?view=martin
---
2013/05/07 09:03:49 [error] [exception.CException] exception 'CException' with message 'JohariModel and its behaviors do not have a method or closure named "getUnknown".' in C:\wamp\www\github\johari\framework\base\CComponent.php:265
Stack trace:
#0 C:\wamp\www\github\johari\protected\controllers\SiteController.php(52): CComponent->__call('getUnknown', Array)
#1 C:\wamp\www\github\johari\protected\controllers\SiteController.php(52): JohariModel->getUnknown('responsive,sear...')
#2 C:\wamp\www\github\johari\framework\web\actions\CInlineAction.php(49): SiteController->actionIndex()
#3 C:\wamp\www\github\johari\framework\web\CController.php(308): CInlineAction->runWithParams(Array)
#4 C:\wamp\www\github\johari\framework\web\CController.php(286): CController->runAction(Object(CInlineAction))
#5 C:\wamp\www\github\johari\framework\web\CController.php(265): CController->runActionWithFilters(Object(CInlineAction), Array)
#6 C:\wamp\www\github\johari\framework\web\CWebApplication.php(282): CController->run('')
#7 C:\wamp\www\github\johari\framework\web\CWebApplication.php(141): CWebApplication->runController('')
#8 C:\wamp\www\github\johari\framework\base\CApplication.php(169): CWebApplication->processRequest()
#9 C:\wamp\www\github\johari\index.php(13): CApplication->run()
#10 {main}
REQUEST_URI=/github/johari/?view=martin
---
2013/05/07 09:05:47 [error] [system.db.CDbCommand] CDbCommand::fetchAll() failed: SQLSTATE[42S22]: Column not found: 1054 Unknown column 'responsive' in 'where clause'. The SQL statement executed was: SELECT *
FROM `features`
WHERE feature NOT IN(responsive,searching,self-assertive,sympathetic,tense,spontaneous).
in C:\wamp\www\github\johari\protected\models\JohariModel.php (16)
in C:\wamp\www\github\johari\protected\controllers\SiteController.php (52)
in C:\wamp\www\github\johari\index.php (13)
2013/05/07 09:05:47 [error] [exception.CDbException] exception 'CDbException' with message 'CDbCommand failed to execute the SQL statement: SQLSTATE[42S22]: Column not found: 1054 Unknown column 'responsive' in 'where clause'. The SQL statement executed was: SELECT *
FROM `features`
WHERE feature NOT IN(responsive,searching,self-assertive,sympathetic,tense,spontaneous)' in C:\wamp\www\github\johari\framework\db\CDbCommand.php:541
Stack trace:
#0 C:\wamp\www\github\johari\framework\db\CDbCommand.php(395): CDbCommand->queryInternal('fetchAll', Array, Array)
#1 C:\wamp\www\github\johari\protected\models\JohariModel.php(16): CDbCommand->queryAll()
#2 C:\wamp\www\github\johari\protected\controllers\SiteController.php(52): JohariModel->getUnknown('responsive,sear...')
#3 C:\wamp\www\github\johari\framework\web\actions\CInlineAction.php(49): SiteController->actionIndex()
#4 C:\wamp\www\github\johari\framework\web\CController.php(308): CInlineAction->runWithParams(Array)
#5 C:\wamp\www\github\johari\framework\web\CController.php(286): CController->runAction(Object(CInlineAction))
#6 C:\wamp\www\github\johari\framework\web\CController.php(265): CController->runActionWithFilters(Object(CInlineAction), Array)
#7 C:\wamp\www\github\johari\framework\web\CWebApplication.php(282): CController->run('')
#8 C:\wamp\www\github\johari\framework\web\CWebApplication.php(141): CWebApplication->runController('')
#9 C:\wamp\www\github\johari\framework\base\CApplication.php(169): CWebApplication->processRequest()
#10 C:\wamp\www\github\johari\index.php(13): CApplication->run()
#11 {main}
REQUEST_URI=/github/johari/?view=martin
---
